Copyright 1986-2022 Xilinx, Inc. All Rights Reserved. Copyright 2022-2025 Advanced Micro Devices, Inc. All Rights Reserved.
---------------------------------------------------------------------------------------------------------------------------------------------
| Tool Version : Vivado v.2025.1 (win64) Build 6140274 Thu May 22 00:12:29 MDT 2025
| Date         : Thu Jul 24 17:44:10 2025
| Host         : ayvictus running 64-bit major release  (build 9200)
| Command      : report_control_sets -verbose -file am2910_control_sets_placed.rpt
| Design       : am2910
| Device       : xc7z007s
---------------------------------------------------------------------------------------------------------------------------------------------

Control Set Information

Table of Contents
-----------------
1. Summary
2. Histogram
3. Flip-Flop Distribution
4. Detailed Control Set Information

1. Summary
----------

+----------------------------------------------------------+-------+
|                          Status                          | Count |
+----------------------------------------------------------+-------+
| Total control sets                                       |     7 |
|    Minimum number of control sets                        |     7 |
|    Addition due to synthesis replication                 |     0 |
|    Addition due to physical synthesis replication        |     0 |
| Unused register locations in slices containing registers |    25 |
+----------------------------------------------------------+-------+
* Control sets can be merged at opt_design using control_set_merge or merge_equivalent_drivers
** Run report_qor_suggestions for automated merging and remapping suggestions


2. Histogram
------------

+--------------------+-------+
|       Fanout       | Count |
+--------------------+-------+
| Total control sets |     7 |
| >= 0 to < 4        |     0 |
| >= 4 to < 6        |     5 |
| >= 6 to < 8        |     1 |
| >= 8 to < 10       |     0 |
| >= 10 to < 12      |     0 |
| >= 12 to < 14      |     1 |
| >= 14 to < 16      |     0 |
| >= 16              |     0 |
+--------------------+-------+
* Control sets can be remapped at either synth_design or opt_design


3. Flip-Flop Distribution
-------------------------

+--------------+-----------------------+------------------------+-----------------+--------------+
| Clock Enable | Synchronous Set/Reset | Asynchronous Set/Reset | Total Registers | Total Slices |
+--------------+-----------------------+------------------------+-----------------+--------------+
| No           | No                    | No                     |               0 |            0 |
| No           | No                    | Yes                    |               7 |            2 |
| No           | Yes                   | No                     |               0 |            0 |
| Yes          | No                    | No                     |              20 |            5 |
| Yes          | No                    | Yes                    |              12 |            3 |
| Yes          | Yes                   | No                     |               0 |            0 |
+--------------+-----------------------+------------------------+-----------------+--------------+


4. Detailed Control Set Information
-----------------------------------

+---------------+------------------------------------+------------------+------------------+----------------+--------------+
|  Clock Signal |            Enable Signal           | Set/Reset Signal | Slice Load Count | Bel Load Count | Bels / Slice |
+---------------+------------------------------------+------------------+------------------+----------------+--------------+
|  CP_IBUF_BUFG | stack_file/stack_mem[3][3]_i_1_n_0 |                  |                1 |              4 |         4.00 |
|  CP_IBUF_BUFG | stack_file/stack_mem[0][3]_i_1_n_0 |                  |                1 |              4 |         4.00 |
|  CP_IBUF_BUFG | stack_file/stack_mem[1][3]_i_1_n_0 |                  |                1 |              4 |         4.00 |
|  CP_IBUF_BUFG | stack_file/stack_mem[2][3]_i_1_n_0 |                  |                1 |              4 |         4.00 |
|  CP_IBUF_BUFG | stack_file/stack_mem[4][3]_i_1_n_0 |                  |                1 |              4 |         4.00 |
|  CP_IBUF_BUFG |                                    | r_reg/RESET_N    |                2 |              7 |         3.50 |
|  CP_IBUF_BUFG | r_reg/data_out[11]_i_1_n_0         | r_reg/RESET_N    |                3 |             12 |         4.00 |
+---------------+------------------------------------+------------------+------------------+----------------+--------------+


